2025-10-27T15:08:52.222+05:30  INFO 26550 --- [EMYMNG] [main] project1.EmymngApplication               : Starting EmymngApplication using Java 25.0.1 with PID 26550 (/home/abijitht/EMPMNG/Backend/target/classes started by abijitht in /home/abijitht/EMPMNG/Backend)
2025-10-27T15:08:52.225+05:30  INFO 26550 --- [EMYMNG] [main] project1.EmymngApplication               : No active profile set, falling back to 1 default profile: "default"
2025-10-27T15:08:53.285+05:30  INFO 26550 --- [EMYMNG] [main] .s.d.r.c.RepositoryConfigurationDelegate : Multiple Spring Data modules found, entering strict repository configuration mode
2025-10-27T15:08:53.286+05:30  INFO 26550 --- [EMYMNG] [main] .s.d.r.c.RepositoryConfigurationDelegate : Bootstrapping Spring Data JDBC repositories in DEFAULT mode.
2025-10-27T15:08:53.326+05:30  INFO 26550 --- [EMYMNG] [main] .RepositoryConfigurationExtensionSupport : Spring Data JDBC - Could not safely identify store assignment for repository candidate interface project1.repository.DepartmentRepository; If you want this repository to be a JDBC repository, consider annotating your entities with one of these annotations: org.springframework.data.relational.core.mapping.Table.
2025-10-27T15:08:53.328+05:30  INFO 26550 --- [EMYMNG] [main] .RepositoryConfigurationExtensionSupport : Spring Data JDBC - Could not safely identify store assignment for repository candidate interface project1.repository.EmployeeRepository; If you want this repository to be a JDBC repository, consider annotating your entities with one of these annotations: org.springframework.data.relational.core.mapping.Table.
2025-10-27T15:08:53.329+05:30  INFO 26550 --- [EMYMNG] [main] .s.d.r.c.RepositoryConfigurationDelegate : Finished Spring Data repository scanning in 37 ms. Found 0 JDBC repository interfaces.
2025-10-27T15:08:53.342+05:30  INFO 26550 --- [EMYMNG] [main] .s.d.r.c.RepositoryConfigurationDelegate : Multiple Spring Data modules found, entering strict repository configuration mode
2025-10-27T15:08:53.343+05:30  INFO 26550 --- [EMYMNG] [main] .s.d.r.c.RepositoryConfigurationDelegate : Bootstrapping Spring Data JPA repositories in DEFAULT mode.
2025-10-27T15:08:53.385+05:30  INFO 26550 --- [EMYMNG] [main] .s.d.r.c.RepositoryConfigurationDelegate : Finished Spring Data repository scanning in 35 ms. Found 2 JPA repository interfaces.
2025-10-27T15:08:54.164+05:30  INFO 26550 --- [EMYMNG] [main] o.s.b.w.embedded.tomcat.TomcatWebServer  : Tomcat initialized with port 8080 (http)
2025-10-27T15:08:54.182+05:30  INFO 26550 --- [EMYMNG] [main] o.apache.catalina.core.StandardService   : Starting service [Tomcat]
2025-10-27T15:08:54.183+05:30  INFO 26550 --- [EMYMNG] [main] o.apache.catalina.core.StandardEngine    : Starting Servlet engine: [Apache Tomcat/10.1.46]
2025-10-27T15:08:54.241+05:30  INFO 26550 --- [EMYMNG] [main] o.a.c.c.C.[Tomcat].[localhost].[/]       : Initializing Spring embedded WebApplicationContext
2025-10-27T15:08:54.242+05:30  INFO 26550 --- [EMYMNG] [main] w.s.c.ServletWebServerApplicationContext : Root WebApplicationContext: initialization completed in 1964 ms
2025-10-27T15:08:54.587+05:30  INFO 26550 --- [EMYMNG] [main] o.hibernate.jpa.internal.util.LogHelper  : HHH000204: Processing PersistenceUnitInfo [name: default]
2025-10-27T15:08:54.634+05:30  INFO 26550 --- [EMYMNG] [main] org.hibernate.Version                    : HHH000412: Hibernate ORM core version 6.6.29.Final
2025-10-27T15:08:54.673+05:30  INFO 26550 --- [EMYMNG] [main] o.h.c.internal.RegionFactoryInitiator    : HHH000026: Second-level cache disabled
2025-10-27T15:08:54.968+05:30  INFO 26550 --- [EMYMNG] [main] o.s.o.j.p.SpringPersistenceUnitInfo      : No LoadTimeWeaver setup: ignoring JPA class transformer
2025-10-27T15:08:55.001+05:30  INFO 26550 --- [EMYMNG] [main] com.zaxxer.hikari.HikariDataSource       : HikariPool-1 - Starting...
2025-10-27T15:08:55.339+05:30  INFO 26550 --- [EMYMNG] [main] com.zaxxer.hikari.pool.HikariPool        : HikariPool-1 - Added connection org.postgresql.jdbc.PgConnection@565a6af
2025-10-27T15:08:55.340+05:30  INFO 26550 --- [EMYMNG] [main] com.zaxxer.hikari.HikariDataSource       : HikariPool-1 - Start completed.
2025-10-27T15:08:55.362+05:30  WARN 26550 --- [EMYMNG] [main] org.hibernate.orm.deprecation            : HHH90000025: PostgreSQLDialect does not need to be specified explicitly using 'hibernate.dialect' (remove the property setting and it will be selected by default)
2025-10-27T15:08:55.381+05:30  INFO 26550 --- [EMYMNG] [main] org.hibernate.orm.connections.pooling    : HHH10001005: Database info:
	Database JDBC URL [Connecting through datasource 'HikariDataSource (HikariPool-1)']
	Database driver: undefined/unknown
	Database version: 18.0
	Autocommit mode: undefined/unknown
	Isolation level: undefined/unknown
	Minimum pool size: undefined/unknown
	Maximum pool size: undefined/unknown
2025-10-27T15:08:56.281+05:30  INFO 26550 --- [EMYMNG] [main] o.h.e.t.j.p.i.JtaPlatformInitiator       : HHH000489: No JTA platform available (set 'hibernate.transaction.jta.platform' to enable JTA platform integration)
2025-10-27T15:08:56.549+05:30  INFO 26550 --- [EMYMNG] [main] j.LocalContainerEntityManagerFactoryBean : Initialized JPA EntityManagerFactory for persistence unit 'default'
2025-10-27T15:08:56.872+05:30  WARN 26550 --- [EMYMNG] [main] JpaBaseConfiguration$JpaWebConfiguration : spring.jpa.open-in-view is enabled by default. Therefore, database queries may be performed during view rendering. Explicitly configure spring.jpa.open-in-view to disable this warning
2025-10-27T15:08:57.203+05:30  INFO 26550 --- [EMYMNG] [main] o.s.b.a.e.web.EndpointLinksResolver      : Exposing 1 endpoint beneath base path '/actuator'
2025-10-27T15:08:57.251+05:30  WARN 26550 --- [EMYMNG] [main] .s.s.UserDetailsServiceAutoConfiguration : 

Using generated security password: aac6d52c-b470-49a3-ade5-042ad3011b0a

This generated password is for development use only. Your security configuration must be updated before running your application in production.

2025-10-27T15:08:57.257+05:30  INFO 26550 --- [EMYMNG] [main] r$InitializeUserDetailsManagerConfigurer : Global AuthenticationManager configured with UserDetailsService bean with name inMemoryUserDetailsManager
2025-10-27T15:08:57.702+05:30  INFO 26550 --- [EMYMNG] [main] o.s.b.w.embedded.tomcat.TomcatWebServer  : Tomcat started on port 8080 (http) with context path '/'
2025-10-27T15:08:57.717+05:30  INFO 26550 --- [EMYMNG] [main] project1.EmymngApplication               : Started EmymngApplication in 5.932 seconds (process running for 6.494)
2025-10-27T15:08:58.256+05:30  INFO 26550 --- [EMYMNG] [RMI TCP Connection(2)-127.0.0.1] o.a.c.c.C.[Tomcat].[localhost].[/]       : Initializing Spring DispatcherServlet 'dispatcherServlet'
2025-10-27T15:08:58.257+05:30  INFO 26550 --- [EMYMNG] [RMI TCP Connection(2)-127.0.0.1] o.s.web.servlet.DispatcherServlet        : Initializing Servlet 'dispatcherServlet'
2025-10-27T15:08:58.258+05:30  INFO 26550 --- [EMYMNG] [RMI TCP Connection(2)-127.0.0.1] o.s.web.servlet.DispatcherServlet        : Completed initialization in 1 ms
2025-10-27T15:09:12.065+05:30  INFO 26550 --- [EMYMNG] [http-nio-8080-exec-4] p.controller.DepartmentController        : Fetching all departments
2025-10-27T15:09:12.065+05:30  INFO 26550 --- [EMYMNG] [http-nio-8080-exec-3] project1.controller.EmployeeController   : Fetching all employees
2025-10-27T15:09:12.072+05:30  INFO 26550 --- [EMYMNG] [http-nio-8080-exec-3] project1.service.EmployeeService         : Fetching all employees
2025-10-27T15:09:12.175+05:30  INFO 26550 --- [EMYMNG] [http-nio-8080-exec-5] p.controller.DepartmentController        : Fetching all departments
2025-10-27T15:09:12.189+05:30  INFO 26550 --- [EMYMNG] [http-nio-8080-exec-6] project1.controller.EmployeeController   : Fetching all employees
2025-10-27T15:09:12.190+05:30  INFO 26550 --- [EMYMNG] [http-nio-8080-exec-6] project1.service.EmployeeService         : Fetching all employees
2025-10-27T15:12:42.730+05:30  INFO 26550 --- [EMYMNG] [SpringApplicationShutdownHook] o.s.b.w.e.tomcat.GracefulShutdown        : Commencing graceful shutdown. Waiting for active requests to complete
2025-10-27T15:12:42.732+05:30  INFO 26550 --- [EMYMNG] [tomcat-shutdown] o.s.b.w.e.tomcat.GracefulShutdown        : Graceful shutdown complete
2025-10-27T15:12:42.739+05:30  INFO 26550 --- [EMYMNG] [SpringApplicationShutdownHook] j.LocalContainerEntityManagerFactoryBean : Closing JPA EntityManagerFactory for persistence unit 'default'
2025-10-27T15:12:42.742+05:30  INFO 26550 --- [EMYMNG] [SpringApplicationShutdownHook] com.zaxxer.hikari.HikariDataSource       : HikariPool-1 - Shutdown initiated...
2025-10-27T15:12:42.752+05:30  INFO 26550 --- [EMYMNG] [SpringApplicationShutdownHook] com.zaxxer.hikari.HikariDataSource       : HikariPool-1 - Shutdown completed.
2025-10-27T15:12:47.689+05:30  INFO 28374 --- [EMYMNG] [main] project1.EmymngApplication               : Starting EmymngApplication using Java 25.0.1 with PID 28374 (/home/abijitht/EMPMNG/Backend/target/classes started by abijitht in /home/abijitht/EMPMNG/Backend)
2025-10-27T15:12:47.691+05:30  INFO 28374 --- [EMYMNG] [main] project1.EmymngApplication               : No active profile set, falling back to 1 default profile: "default"
2025-10-27T15:12:48.788+05:30  INFO 28374 --- [EMYMNG] [main] .s.d.r.c.RepositoryConfigurationDelegate : Multiple Spring Data modules found, entering strict repository configuration mode
2025-10-27T15:12:48.789+05:30  INFO 28374 --- [EMYMNG] [main] .s.d.r.c.RepositoryConfigurationDelegate : Bootstrapping Spring Data JDBC repositories in DEFAULT mode.
2025-10-27T15:12:48.830+05:30  INFO 28374 --- [EMYMNG] [main] .RepositoryConfigurationExtensionSupport : Spring Data JDBC - Could not safely identify store assignment for repository candidate interface project1.repository.DepartmentRepository; If you want this repository to be a JDBC repository, consider annotating your entities with one of these annotations: org.springframework.data.relational.core.mapping.Table.
2025-10-27T15:12:48.832+05:30  INFO 28374 --- [EMYMNG] [main] .RepositoryConfigurationExtensionSupport : Spring Data JDBC - Could not safely identify store assignment for repository candidate interface project1.repository.EmployeeRepository; If you want this repository to be a JDBC repository, consider annotating your entities with one of these annotations: org.springframework.data.relational.core.mapping.Table.
2025-10-27T15:12:48.834+05:30  INFO 28374 --- [EMYMNG] [main] .s.d.r.c.RepositoryConfigurationDelegate : Finished Spring Data repository scanning in 36 ms. Found 0 JDBC repository interfaces.
2025-10-27T15:12:48.849+05:30  INFO 28374 --- [EMYMNG] [main] .s.d.r.c.RepositoryConfigurationDelegate : Multiple Spring Data modules found, entering strict repository configuration mode
2025-10-27T15:12:48.850+05:30  INFO 28374 --- [EMYMNG] [main] .s.d.r.c.RepositoryConfigurationDelegate : Bootstrapping Spring Data JPA repositories in DEFAULT mode.
2025-10-27T15:12:48.905+05:30  INFO 28374 --- [EMYMNG] [main] .s.d.r.c.RepositoryConfigurationDelegate : Finished Spring Data repository scanning in 49 ms. Found 2 JPA repository interfaces.
2025-10-27T15:12:49.580+05:30  INFO 28374 --- [EMYMNG] [main] o.s.b.w.embedded.tomcat.TomcatWebServer  : Tomcat initialized with port 8080 (http)
2025-10-27T15:12:49.595+05:30  INFO 28374 --- [EMYMNG] [main] o.apache.catalina.core.StandardService   : Starting service [Tomcat]
2025-10-27T15:12:49.595+05:30  INFO 28374 --- [EMYMNG] [main] o.apache.catalina.core.StandardEngine    : Starting Servlet engine: [Apache Tomcat/10.1.46]
2025-10-27T15:12:49.648+05:30  INFO 28374 --- [EMYMNG] [main] o.a.c.c.C.[Tomcat].[localhost].[/]       : Initializing Spring embedded WebApplicationContext
2025-10-27T15:12:49.648+05:30  INFO 28374 --- [EMYMNG] [main] w.s.c.ServletWebServerApplicationContext : Root WebApplicationContext: initialization completed in 1905 ms
2025-10-27T15:12:50.004+05:30  INFO 28374 --- [EMYMNG] [main] o.hibernate.jpa.internal.util.LogHelper  : HHH000204: Processing PersistenceUnitInfo [name: default]
2025-10-27T15:12:50.058+05:30  INFO 28374 --- [EMYMNG] [main] org.hibernate.Version                    : HHH000412: Hibernate ORM core version 6.6.29.Final
2025-10-27T15:12:50.099+05:30  INFO 28374 --- [EMYMNG] [main] o.h.c.internal.RegionFactoryInitiator    : HHH000026: Second-level cache disabled
2025-10-27T15:12:50.396+05:30  INFO 28374 --- [EMYMNG] [main] o.s.o.j.p.SpringPersistenceUnitInfo      : No LoadTimeWeaver setup: ignoring JPA class transformer
2025-10-27T15:12:50.430+05:30  INFO 28374 --- [EMYMNG] [main] com.zaxxer.hikari.HikariDataSource       : HikariPool-1 - Starting...
2025-10-27T15:12:50.807+05:30  INFO 28374 --- [EMYMNG] [main] com.zaxxer.hikari.pool.HikariPool        : HikariPool-1 - Added connection org.postgresql.jdbc.PgConnection@719bb60d
2025-10-27T15:12:50.812+05:30  INFO 28374 --- [EMYMNG] [main] com.zaxxer.hikari.HikariDataSource       : HikariPool-1 - Start completed.
2025-10-27T15:12:50.843+05:30  WARN 28374 --- [EMYMNG] [main] org.hibernate.orm.deprecation            : HHH90000025: PostgreSQLDialect does not need to be specified explicitly using 'hibernate.dialect' (remove the property setting and it will be selected by default)
2025-10-27T15:12:50.869+05:30  INFO 28374 --- [EMYMNG] [main] org.hibernate.orm.connections.pooling    : HHH10001005: Database info:
	Database JDBC URL [Connecting through datasource 'HikariDataSource (HikariPool-1)']
	Database driver: undefined/unknown
	Database version: 18.0
	Autocommit mode: undefined/unknown
	Isolation level: undefined/unknown
	Minimum pool size: undefined/unknown
	Maximum pool size: undefined/unknown
2025-10-27T15:12:51.835+05:30  INFO 28374 --- [EMYMNG] [main] o.h.e.t.j.p.i.JtaPlatformInitiator       : HHH000489: No JTA platform available (set 'hibernate.transaction.jta.platform' to enable JTA platform integration)
2025-10-27T15:12:52.156+05:30  INFO 28374 --- [EMYMNG] [main] j.LocalContainerEntityManagerFactoryBean : Initialized JPA EntityManagerFactory for persistence unit 'default'
2025-10-27T15:12:52.563+05:30  WARN 28374 --- [EMYMNG] [main] JpaBaseConfiguration$JpaWebConfiguration : spring.jpa.open-in-view is enabled by default. Therefore, database queries may be performed during view rendering. Explicitly configure spring.jpa.open-in-view to disable this warning
2025-10-27T15:12:52.953+05:30  INFO 28374 --- [EMYMNG] [main] o.s.b.a.e.web.EndpointLinksResolver      : Exposing 1 endpoint beneath base path '/actuator'
2025-10-27T15:12:52.990+05:30  WARN 28374 --- [EMYMNG] [main] .s.s.UserDetailsServiceAutoConfiguration : 

Using generated security password: 5504164d-f875-4212-a0b9-6da2328acd17

This generated password is for development use only. Your security configuration must be updated before running your application in production.

2025-10-27T15:12:53.000+05:30  INFO 28374 --- [EMYMNG] [main] r$InitializeUserDetailsManagerConfigurer : Global AuthenticationManager configured with UserDetailsService bean with name inMemoryUserDetailsManager
2025-10-27T15:12:53.503+05:30  INFO 28374 --- [EMYMNG] [main] o.s.b.w.embedded.tomcat.TomcatWebServer  : Tomcat started on port 8080 (http) with context path '/'
2025-10-27T15:12:53.519+05:30  INFO 28374 --- [EMYMNG] [main] project1.EmymngApplication               : Started EmymngApplication in 6.24 seconds (process running for 6.763)
2025-10-27T15:12:53.705+05:30  INFO 28374 --- [EMYMNG] [RMI TCP Connection(2)-127.0.0.1] o.a.c.c.C.[Tomcat].[localhost].[/]       : Initializing Spring DispatcherServlet 'dispatcherServlet'
2025-10-27T15:12:53.705+05:30  INFO 28374 --- [EMYMNG] [RMI TCP Connection(2)-127.0.0.1] o.s.web.servlet.DispatcherServlet        : Initializing Servlet 'dispatcherServlet'
2025-10-27T15:12:53.707+05:30  INFO 28374 --- [EMYMNG] [RMI TCP Connection(2)-127.0.0.1] o.s.web.servlet.DispatcherServlet        : Completed initialization in 2 ms
2025-10-27T15:13:02.861+05:30  INFO 28374 --- [EMYMNG] [http-nio-8080-exec-1] project1.controller.EmployeeController   : Fetching all employees
2025-10-27T15:13:02.861+05:30  INFO 28374 --- [EMYMNG] [http-nio-8080-exec-2] p.controller.DepartmentController        : Fetching all departments
2025-10-27T15:13:02.869+05:30  INFO 28374 --- [EMYMNG] [http-nio-8080-exec-1] project1.service.EmployeeService         : Fetching all employees
2025-10-27T15:13:02.991+05:30  INFO 28374 --- [EMYMNG] [http-nio-8080-exec-3] p.controller.DepartmentController        : Fetching all departments
2025-10-27T15:13:03.006+05:30  INFO 28374 --- [EMYMNG] [http-nio-8080-exec-4] project1.controller.EmployeeController   : Fetching all employees
2025-10-27T15:13:03.007+05:30  INFO 28374 --- [EMYMNG] [http-nio-8080-exec-4] project1.service.EmployeeService         : Fetching all employees
2025-10-27T15:14:49.895+05:30  INFO 28374 --- [EMYMNG] [SpringApplicationShutdownHook] o.s.b.w.e.tomcat.GracefulShutdown        : Commencing graceful shutdown. Waiting for active requests to complete
2025-10-27T15:14:49.898+05:30  INFO 28374 --- [EMYMNG] [tomcat-shutdown] o.s.b.w.e.tomcat.GracefulShutdown        : Graceful shutdown complete
2025-10-27T15:14:49.907+05:30  INFO 28374 --- [EMYMNG] [SpringApplicationShutdownHook] j.LocalContainerEntityManagerFactoryBean : Closing JPA EntityManagerFactory for persistence unit 'default'
2025-10-27T15:14:49.909+05:30  INFO 28374 --- [EMYMNG] [SpringApplicationShutdownHook] com.zaxxer.hikari.HikariDataSource       : HikariPool-1 - Shutdown initiated...
2025-10-27T15:14:49.929+05:30  INFO 28374 --- [EMYMNG] [SpringApplicationShutdownHook] com.zaxxer.hikari.HikariDataSource       : HikariPool-1 - Shutdown completed.
