2025-10-27T10:34:37.629+05:30  INFO 15310 --- [EMYMNG] [main] project1.EmymngApplication               : Starting EmymngApplication using Java 25.0.1 with PID 15310 (/home/abijitht/EMPMNG/Backend/target/classes started by abijitht in /home/abijitht/EMPMNG)
2025-10-27T10:34:37.635+05:30  INFO 15310 --- [EMYMNG] [main] project1.EmymngApplication               : No active profile set, falling back to 1 default profile: "default"
2025-10-27T10:34:38.418+05:30  INFO 15310 --- [EMYMNG] [main] .s.d.r.c.RepositoryConfigurationDelegate : Multiple Spring Data modules found, entering strict repository configuration mode
2025-10-27T10:34:38.420+05:30  INFO 15310 --- [EMYMNG] [main] .s.d.r.c.RepositoryConfigurationDelegate : Bootstrapping Spring Data JDBC repositories in DEFAULT mode.
2025-10-27T10:34:38.472+05:30  INFO 15310 --- [EMYMNG] [main] .RepositoryConfigurationExtensionSupport : Spring Data JDBC - Could not safely identify store assignment for repository candidate interface project1.repository.EmployeeRepository; If you want this repository to be a JDBC repository, consider annotating your entities with one of these annotations: org.springframework.data.relational.core.mapping.Table.
2025-10-27T10:34:38.473+05:30  INFO 15310 --- [EMYMNG] [main] .s.d.r.c.RepositoryConfigurationDelegate : Finished Spring Data repository scanning in 46 ms. Found 0 JDBC repository interfaces.
2025-10-27T10:34:38.493+05:30  INFO 15310 --- [EMYMNG] [main] .s.d.r.c.RepositoryConfigurationDelegate : Multiple Spring Data modules found, entering strict repository configuration mode
2025-10-27T10:34:38.494+05:30  INFO 15310 --- [EMYMNG] [main] .s.d.r.c.RepositoryConfigurationDelegate : Bootstrapping Spring Data JPA repositories in DEFAULT mode.
2025-10-27T10:34:38.545+05:30  INFO 15310 --- [EMYMNG] [main] .s.d.r.c.RepositoryConfigurationDelegate : Finished Spring Data repository scanning in 44 ms. Found 1 JPA repository interface.
2025-10-27T10:34:39.287+05:30  INFO 15310 --- [EMYMNG] [main] o.s.b.w.embedded.tomcat.TomcatWebServer  : Tomcat initialized with port 8080 (http)
2025-10-27T10:34:39.308+05:30  INFO 15310 --- [EMYMNG] [main] o.apache.catalina.core.StandardService   : Starting service [Tomcat]
2025-10-27T10:34:39.309+05:30  INFO 15310 --- [EMYMNG] [main] o.apache.catalina.core.StandardEngine    : Starting Servlet engine: [Apache Tomcat/10.1.46]
2025-10-27T10:34:39.370+05:30  INFO 15310 --- [EMYMNG] [main] o.a.c.c.C.[Tomcat].[localhost].[/]       : Initializing Spring embedded WebApplicationContext
2025-10-27T10:34:39.371+05:30  INFO 15310 --- [EMYMNG] [main] w.s.c.ServletWebServerApplicationContext : Root WebApplicationContext: initialization completed in 1677 ms
2025-10-27T10:34:39.585+05:30  INFO 15310 --- [EMYMNG] [main] o.hibernate.jpa.internal.util.LogHelper  : HHH000204: Processing PersistenceUnitInfo [name: default]
2025-10-27T10:34:39.664+05:30  INFO 15310 --- [EMYMNG] [main] org.hibernate.Version                    : HHH000412: Hibernate ORM core version 6.6.29.Final
2025-10-27T10:34:39.713+05:30  INFO 15310 --- [EMYMNG] [main] o.h.c.internal.RegionFactoryInitiator    : HHH000026: Second-level cache disabled
2025-10-27T10:34:39.960+05:30  INFO 15310 --- [EMYMNG] [main] o.s.o.j.p.SpringPersistenceUnitInfo      : No LoadTimeWeaver setup: ignoring JPA class transformer
2025-10-27T10:34:39.992+05:30  INFO 15310 --- [EMYMNG] [main] com.zaxxer.hikari.HikariDataSource       : HikariPool-1 - Starting...
2025-10-27T10:34:40.375+05:30  INFO 15310 --- [EMYMNG] [main] com.zaxxer.hikari.pool.HikariPool        : HikariPool-1 - Added connection org.postgresql.jdbc.PgConnection@71a2df1
2025-10-27T10:34:40.376+05:30  INFO 15310 --- [EMYMNG] [main] com.zaxxer.hikari.HikariDataSource       : HikariPool-1 - Start completed.
2025-10-27T10:34:40.403+05:30  WARN 15310 --- [EMYMNG] [main] org.hibernate.orm.deprecation            : HHH90000025: PostgreSQLDialect does not need to be specified explicitly using 'hibernate.dialect' (remove the property setting and it will be selected by default)
2025-10-27T10:34:40.419+05:30  INFO 15310 --- [EMYMNG] [main] org.hibernate.orm.connections.pooling    : HHH10001005: Database info:
	Database JDBC URL [Connecting through datasource 'HikariDataSource (HikariPool-1)']
	Database driver: undefined/unknown
	Database version: 18.0
	Autocommit mode: undefined/unknown
	Isolation level: undefined/unknown
	Minimum pool size: undefined/unknown
	Maximum pool size: undefined/unknown
2025-10-27T10:34:41.249+05:30  INFO 15310 --- [EMYMNG] [main] o.h.e.t.j.p.i.JtaPlatformInitiator       : HHH000489: No JTA platform available (set 'hibernate.transaction.jta.platform' to enable JTA platform integration)
2025-10-27T10:34:41.500+05:30  INFO 15310 --- [EMYMNG] [main] j.LocalContainerEntityManagerFactoryBean : Initialized JPA EntityManagerFactory for persistence unit 'default'
2025-10-27T10:34:41.866+05:30  WARN 15310 --- [EMYMNG] [main] JpaBaseConfiguration$JpaWebConfiguration : spring.jpa.open-in-view is enabled by default. Therefore, database queries may be performed during view rendering. Explicitly configure spring.jpa.open-in-view to disable this warning
2025-10-27T10:34:42.080+05:30  WARN 15310 --- [EMYMNG] [main] .s.s.UserDetailsServiceAutoConfiguration : 

Using generated security password: e050ff70-5885-41af-ae5e-690076c38598

This generated password is for development use only. Your security configuration must be updated before running your application in production.

2025-10-27T10:34:42.092+05:30  INFO 15310 --- [EMYMNG] [main] r$InitializeUserDetailsManagerConfigurer : Global AuthenticationManager configured with UserDetailsService bean with name inMemoryUserDetailsManager
2025-10-27T10:34:42.511+05:30  INFO 15310 --- [EMYMNG] [main] o.s.b.w.embedded.tomcat.TomcatWebServer  : Tomcat started on port 8080 (http) with context path '/'
2025-10-27T10:34:42.521+05:30  INFO 15310 --- [EMYMNG] [main] project1.EmymngApplication               : Started EmymngApplication in 5.265 seconds (process running for 5.592)
2025-10-27T10:34:54.973+05:30  INFO 15310 --- [EMYMNG] [http-nio-8080-exec-1] o.a.c.c.C.[Tomcat].[localhost].[/]       : Initializing Spring DispatcherServlet 'dispatcherServlet'
2025-10-27T10:34:54.974+05:30  INFO 15310 --- [EMYMNG] [http-nio-8080-exec-1] o.s.web.servlet.DispatcherServlet        : Initializing Servlet 'dispatcherServlet'
2025-10-27T10:34:54.975+05:30  INFO 15310 --- [EMYMNG] [http-nio-8080-exec-1] o.s.web.servlet.DispatcherServlet        : Completed initialization in 1 ms
2025-10-27T10:36:10.953+05:30  INFO 15310 --- [EMYMNG] [http-nio-8080-exec-5] project1.controller.EmployeeController   : Creating new employee: john.doe@example.com
2025-10-27T10:37:30.725+05:30  INFO 15310 --- [EMYMNG] [http-nio-8080-exec-8] project1.controller.EmployeeController   : Fetching all employees
2025-10-27T10:37:30.726+05:30  INFO 15310 --- [EMYMNG] [http-nio-8080-exec-8] project1.service.EmployeeService         : Fetching all employees
2025-10-27T10:37:53.724+05:30  INFO 15310 --- [EMYMNG] [http-nio-8080-exec-9] project1.controller.EmployeeController   : Fetching employee with ID 1
2025-10-27T10:44:35.480+05:30  INFO 15310 --- [EMYMNG] [SpringApplicationShutdownHook] o.s.b.w.e.tomcat.GracefulShutdown        : Commencing graceful shutdown. Waiting for active requests to complete
2025-10-27T10:44:35.493+05:30  INFO 15310 --- [EMYMNG] [tomcat-shutdown] o.s.b.w.e.tomcat.GracefulShutdown        : Graceful shutdown complete
2025-10-27T10:44:35.518+05:30  INFO 15310 --- [EMYMNG] [SpringApplicationShutdownHook] j.LocalContainerEntityManagerFactoryBean : Closing JPA EntityManagerFactory for persistence unit 'default'
2025-10-27T10:44:35.528+05:30  INFO 15310 --- [EMYMNG] [SpringApplicationShutdownHook] com.zaxxer.hikari.HikariDataSource       : HikariPool-1 - Shutdown initiated...
2025-10-27T10:44:35.567+05:30  INFO 15310 --- [EMYMNG] [SpringApplicationShutdownHook] com.zaxxer.hikari.HikariDataSource       : HikariPool-1 - Shutdown completed.
2025-10-27T10:45:22.108+05:30  INFO 19036 --- [EMYMNG] [main] project1.EmymngApplication               : Starting EmymngApplication using Java 25.0.1 with PID 19036 (/home/abijitht/EMPMNG/Backend/target/classes started by abijitht in /home/abijitht/EMPMNG)
2025-10-27T10:45:22.111+05:30  INFO 19036 --- [EMYMNG] [main] project1.EmymngApplication               : No active profile set, falling back to 1 default profile: "default"
2025-10-27T10:45:22.942+05:30  INFO 19036 --- [EMYMNG] [main] .s.d.r.c.RepositoryConfigurationDelegate : Multiple Spring Data modules found, entering strict repository configuration mode
2025-10-27T10:45:22.944+05:30  INFO 19036 --- [EMYMNG] [main] .s.d.r.c.RepositoryConfigurationDelegate : Bootstrapping Spring Data JDBC repositories in DEFAULT mode.
2025-10-27T10:45:22.991+05:30  INFO 19036 --- [EMYMNG] [main] .RepositoryConfigurationExtensionSupport : Spring Data JDBC - Could not safely identify store assignment for repository candidate interface project1.repository.EmployeeRepository; If you want this repository to be a JDBC repository, consider annotating your entities with one of these annotations: org.springframework.data.relational.core.mapping.Table.
2025-10-27T10:45:22.992+05:30  INFO 19036 --- [EMYMNG] [main] .s.d.r.c.RepositoryConfigurationDelegate : Finished Spring Data repository scanning in 41 ms. Found 0 JDBC repository interfaces.
2025-10-27T10:45:23.025+05:30  INFO 19036 --- [EMYMNG] [main] .s.d.r.c.RepositoryConfigurationDelegate : Multiple Spring Data modules found, entering strict repository configuration mode
2025-10-27T10:45:23.026+05:30  INFO 19036 --- [EMYMNG] [main] .s.d.r.c.RepositoryConfigurationDelegate : Bootstrapping Spring Data JPA repositories in DEFAULT mode.
2025-10-27T10:45:23.065+05:30  INFO 19036 --- [EMYMNG] [main] .s.d.r.c.RepositoryConfigurationDelegate : Finished Spring Data repository scanning in 32 ms. Found 1 JPA repository interface.
2025-10-27T10:45:23.675+05:30  INFO 19036 --- [EMYMNG] [main] o.s.b.w.embedded.tomcat.TomcatWebServer  : Tomcat initialized with port 8080 (http)
2025-10-27T10:45:23.690+05:30  INFO 19036 --- [EMYMNG] [main] o.apache.catalina.core.StandardService   : Starting service [Tomcat]
2025-10-27T10:45:23.691+05:30  INFO 19036 --- [EMYMNG] [main] o.apache.catalina.core.StandardEngine    : Starting Servlet engine: [Apache Tomcat/10.1.46]
2025-10-27T10:45:23.733+05:30  INFO 19036 --- [EMYMNG] [main] o.a.c.c.C.[Tomcat].[localhost].[/]       : Initializing Spring embedded WebApplicationContext
2025-10-27T10:45:23.734+05:30  INFO 19036 --- [EMYMNG] [main] w.s.c.ServletWebServerApplicationContext : Root WebApplicationContext: initialization completed in 1551 ms
2025-10-27T10:45:23.907+05:30  INFO 19036 --- [EMYMNG] [main] o.hibernate.jpa.internal.util.LogHelper  : HHH000204: Processing PersistenceUnitInfo [name: default]
2025-10-27T10:45:23.959+05:30  INFO 19036 --- [EMYMNG] [main] org.hibernate.Version                    : HHH000412: Hibernate ORM core version 6.6.29.Final
2025-10-27T10:45:23.987+05:30  INFO 19036 --- [EMYMNG] [main] o.h.c.internal.RegionFactoryInitiator    : HHH000026: Second-level cache disabled
2025-10-27T10:45:24.288+05:30  INFO 19036 --- [EMYMNG] [main] o.s.o.j.p.SpringPersistenceUnitInfo      : No LoadTimeWeaver setup: ignoring JPA class transformer
2025-10-27T10:45:24.318+05:30  INFO 19036 --- [EMYMNG] [main] com.zaxxer.hikari.HikariDataSource       : HikariPool-1 - Starting...
2025-10-27T10:45:24.652+05:30  INFO 19036 --- [EMYMNG] [main] com.zaxxer.hikari.pool.HikariPool        : HikariPool-1 - Added connection org.postgresql.jdbc.PgConnection@26d73519
2025-10-27T10:45:24.653+05:30  INFO 19036 --- [EMYMNG] [main] com.zaxxer.hikari.HikariDataSource       : HikariPool-1 - Start completed.
2025-10-27T10:45:24.673+05:30  WARN 19036 --- [EMYMNG] [main] org.hibernate.orm.deprecation            : HHH90000025: PostgreSQLDialect does not need to be specified explicitly using 'hibernate.dialect' (remove the property setting and it will be selected by default)
2025-10-27T10:45:24.688+05:30  INFO 19036 --- [EMYMNG] [main] org.hibernate.orm.connections.pooling    : HHH10001005: Database info:
	Database JDBC URL [Connecting through datasource 'HikariDataSource (HikariPool-1)']
	Database driver: undefined/unknown
	Database version: 18.0
	Autocommit mode: undefined/unknown
	Isolation level: undefined/unknown
	Minimum pool size: undefined/unknown
	Maximum pool size: undefined/unknown
2025-10-27T10:45:25.519+05:30  INFO 19036 --- [EMYMNG] [main] o.h.e.t.j.p.i.JtaPlatformInitiator       : HHH000489: No JTA platform available (set 'hibernate.transaction.jta.platform' to enable JTA platform integration)
2025-10-27T10:45:25.758+05:30  INFO 19036 --- [EMYMNG] [main] j.LocalContainerEntityManagerFactoryBean : Initialized JPA EntityManagerFactory for persistence unit 'default'
2025-10-27T10:45:26.118+05:30  WARN 19036 --- [EMYMNG] [main] JpaBaseConfiguration$JpaWebConfiguration : spring.jpa.open-in-view is enabled by default. Therefore, database queries may be performed during view rendering. Explicitly configure spring.jpa.open-in-view to disable this warning
2025-10-27T10:45:26.294+05:30  WARN 19036 --- [EMYMNG] [main] .s.s.UserDetailsServiceAutoConfiguration : 

Using generated security password: 776c4828-7c02-4adf-bffe-463982b4b3f0

This generated password is for development use only. Your security configuration must be updated before running your application in production.

2025-10-27T10:45:26.301+05:30  INFO 19036 --- [EMYMNG] [main] r$InitializeUserDetailsManagerConfigurer : Global AuthenticationManager configured with UserDetailsService bean with name inMemoryUserDetailsManager
2025-10-27T10:45:26.653+05:30  INFO 19036 --- [EMYMNG] [main] o.s.b.w.embedded.tomcat.TomcatWebServer  : Tomcat started on port 8080 (http) with context path '/'
2025-10-27T10:45:26.662+05:30  INFO 19036 --- [EMYMNG] [main] project1.EmymngApplication               : Started EmymngApplication in 4.983 seconds (process running for 5.271)
2025-10-27T10:45:37.517+05:30  INFO 19036 --- [EMYMNG] [http-nio-8080-exec-1] o.a.c.c.C.[Tomcat].[localhost].[/]       : Initializing Spring DispatcherServlet 'dispatcherServlet'
2025-10-27T10:45:37.517+05:30  INFO 19036 --- [EMYMNG] [http-nio-8080-exec-1] o.s.web.servlet.DispatcherServlet        : Initializing Servlet 'dispatcherServlet'
2025-10-27T10:45:37.518+05:30  INFO 19036 --- [EMYMNG] [http-nio-8080-exec-1] o.s.web.servlet.DispatcherServlet        : Completed initialization in 1 ms
2025-10-27T10:45:37.583+05:30  INFO 19036 --- [EMYMNG] [http-nio-8080-exec-2] project1.controller.EmployeeController   : Fetching all employees
2025-10-27T10:45:37.592+05:30  INFO 19036 --- [EMYMNG] [http-nio-8080-exec-2] project1.service.EmployeeService         : Fetching all employees
2025-10-27T10:45:37.770+05:30  INFO 19036 --- [EMYMNG] [http-nio-8080-exec-3] project1.controller.EmployeeController   : Fetching all employees
2025-10-27T10:45:37.770+05:30  INFO 19036 --- [EMYMNG] [http-nio-8080-exec-5] project1.controller.EmployeeController   : Fetching all employees
2025-10-27T10:45:37.770+05:30  INFO 19036 --- [EMYMNG] [http-nio-8080-exec-3] project1.service.EmployeeService         : Fetching all employees
2025-10-27T10:45:37.772+05:30  INFO 19036 --- [EMYMNG] [http-nio-8080-exec-8] project1.controller.EmployeeController   : Fetching all employees
2025-10-27T10:45:37.773+05:30  INFO 19036 --- [EMYMNG] [http-nio-8080-exec-5] project1.service.EmployeeService         : Fetching all employees
2025-10-27T10:45:37.772+05:30  INFO 19036 --- [EMYMNG] [http-nio-8080-exec-7] project1.controller.EmployeeController   : Fetching all employees
2025-10-27T10:45:37.774+05:30  INFO 19036 --- [EMYMNG] [http-nio-8080-exec-4] project1.controller.EmployeeController   : Fetching all employees
2025-10-27T10:45:37.778+05:30  INFO 19036 --- [EMYMNG] [http-nio-8080-exec-7] project1.service.EmployeeService         : Fetching all employees
2025-10-27T10:45:37.772+05:30  INFO 19036 --- [EMYMNG] [http-nio-8080-exec-6] project1.controller.EmployeeController   : Fetching all employees
2025-10-27T10:45:37.780+05:30  INFO 19036 --- [EMYMNG] [http-nio-8080-exec-6] project1.service.EmployeeService         : Fetching all employees
2025-10-27T10:45:37.782+05:30  INFO 19036 --- [EMYMNG] [http-nio-8080-exec-4] project1.service.EmployeeService         : Fetching all employees
2025-10-27T10:45:37.776+05:30  INFO 19036 --- [EMYMNG] [http-nio-8080-exec-8] project1.service.EmployeeService         : Fetching all employees
2025-10-27T10:45:37.795+05:30  INFO 19036 --- [EMYMNG] [http-nio-8080-exec-3] project1.controller.EmployeeController   : Fetching all employees
2025-10-27T10:45:37.800+05:30  INFO 19036 --- [EMYMNG] [http-nio-8080-exec-3] project1.service.EmployeeService         : Fetching all employees
2025-10-27T10:46:17.821+05:30  INFO 19036 --- [EMYMNG] [http-nio-8080-exec-9] project1.controller.EmployeeController   : Fetching all employees
2025-10-27T10:46:17.824+05:30  INFO 19036 --- [EMYMNG] [http-nio-8080-exec-10] project1.controller.EmployeeController   : Fetching all employees
2025-10-27T10:46:17.826+05:30  INFO 19036 --- [EMYMNG] [http-nio-8080-exec-9] project1.service.EmployeeService         : Fetching all employees
2025-10-27T10:46:17.826+05:30  INFO 19036 --- [EMYMNG] [http-nio-8080-exec-10] project1.service.EmployeeService         : Fetching all employees
2025-10-27T11:34:39.823+05:30  INFO 19036 --- [EMYMNG] [SpringApplicationShutdownHook] o.s.b.w.e.tomcat.GracefulShutdown        : Commencing graceful shutdown. Waiting for active requests to complete
2025-10-27T11:34:39.890+05:30  INFO 19036 --- [EMYMNG] [tomcat-shutdown] o.s.b.w.e.tomcat.GracefulShutdown        : Graceful shutdown complete
2025-10-27T11:34:39.924+05:30  INFO 19036 --- [EMYMNG] [SpringApplicationShutdownHook] j.LocalContainerEntityManagerFactoryBean : Closing JPA EntityManagerFactory for persistence unit 'default'
2025-10-27T11:34:39.935+05:30  INFO 19036 --- [EMYMNG] [SpringApplicationShutdownHook] com.zaxxer.hikari.HikariDataSource       : HikariPool-1 - Shutdown initiated...
2025-10-27T11:34:39.988+05:30  INFO 19036 --- [EMYMNG] [SpringApplicationShutdownHook] com.zaxxer.hikari.HikariDataSource       : HikariPool-1 - Shutdown completed.
2025-10-27T11:39:02.604+05:30  INFO 7683 --- [EMYMNG] [main] project1.EmymngApplication               : Starting EmymngApplication using Java 25.0.1 with PID 7683 (/home/abijitht/EMPMNG/Backend/target/classes started by abijitht in /home/abijitht/EMPMNG)
2025-10-27T11:39:02.608+05:30  INFO 7683 --- [EMYMNG] [main] project1.EmymngApplication               : No active profile set, falling back to 1 default profile: "default"
2025-10-27T11:39:03.543+05:30  INFO 7683 --- [EMYMNG] [main] .s.d.r.c.RepositoryConfigurationDelegate : Multiple Spring Data modules found, entering strict repository configuration mode
2025-10-27T11:39:03.545+05:30  INFO 7683 --- [EMYMNG] [main] .s.d.r.c.RepositoryConfigurationDelegate : Bootstrapping Spring Data JDBC repositories in DEFAULT mode.
2025-10-27T11:39:03.606+05:30  INFO 7683 --- [EMYMNG] [main] .RepositoryConfigurationExtensionSupport : Spring Data JDBC - Could not safely identify store assignment for repository candidate interface project1.repository.EmployeeRepository; If you want this repository to be a JDBC repository, consider annotating your entities with one of these annotations: org.springframework.data.relational.core.mapping.Table.
2025-10-27T11:39:03.607+05:30  INFO 7683 --- [EMYMNG] [main] .s.d.r.c.RepositoryConfigurationDelegate : Finished Spring Data repository scanning in 52 ms. Found 0 JDBC repository interfaces.
2025-10-27T11:39:03.628+05:30  INFO 7683 --- [EMYMNG] [main] .s.d.r.c.RepositoryConfigurationDelegate : Multiple Spring Data modules found, entering strict repository configuration mode
2025-10-27T11:39:03.630+05:30  INFO 7683 --- [EMYMNG] [main] .s.d.r.c.RepositoryConfigurationDelegate : Bootstrapping Spring Data JPA repositories in DEFAULT mode.
2025-10-27T11:39:03.713+05:30  INFO 7683 --- [EMYMNG] [main] .s.d.r.c.RepositoryConfigurationDelegate : Finished Spring Data repository scanning in 70 ms. Found 1 JPA repository interface.
2025-10-27T11:39:04.481+05:30  INFO 7683 --- [EMYMNG] [main] o.s.b.w.embedded.tomcat.TomcatWebServer  : Tomcat initialized with port 8080 (http)
2025-10-27T11:39:04.498+05:30  INFO 7683 --- [EMYMNG] [main] o.apache.catalina.core.StandardService   : Starting service [Tomcat]
2025-10-27T11:39:04.499+05:30  INFO 7683 --- [EMYMNG] [main] o.apache.catalina.core.StandardEngine    : Starting Servlet engine: [Apache Tomcat/10.1.46]
2025-10-27T11:39:04.569+05:30  INFO 7683 --- [EMYMNG] [main] o.a.c.c.C.[Tomcat].[localhost].[/]       : Initializing Spring embedded WebApplicationContext
2025-10-27T11:39:04.569+05:30  INFO 7683 --- [EMYMNG] [main] w.s.c.ServletWebServerApplicationContext : Root WebApplicationContext: initialization completed in 1885 ms
2025-10-27T11:39:04.794+05:30  INFO 7683 --- [EMYMNG] [main] o.hibernate.jpa.internal.util.LogHelper  : HHH000204: Processing PersistenceUnitInfo [name: default]
2025-10-27T11:39:04.877+05:30  INFO 7683 --- [EMYMNG] [main] org.hibernate.Version                    : HHH000412: Hibernate ORM core version 6.6.29.Final
2025-10-27T11:39:04.926+05:30  INFO 7683 --- [EMYMNG] [main] o.h.c.internal.RegionFactoryInitiator    : HHH000026: Second-level cache disabled
2025-10-27T11:39:05.249+05:30  INFO 7683 --- [EMYMNG] [main] o.s.o.j.p.SpringPersistenceUnitInfo      : No LoadTimeWeaver setup: ignoring JPA class transformer
2025-10-27T11:39:05.284+05:30  INFO 7683 --- [EMYMNG] [main] com.zaxxer.hikari.HikariDataSource       : HikariPool-1 - Starting...
2025-10-27T11:39:05.694+05:30  INFO 7683 --- [EMYMNG] [main] com.zaxxer.hikari.pool.HikariPool        : HikariPool-1 - Added connection org.postgresql.jdbc.PgConnection@32b95de
2025-10-27T11:39:05.695+05:30  INFO 7683 --- [EMYMNG] [main] com.zaxxer.hikari.HikariDataSource       : HikariPool-1 - Start completed.
2025-10-27T11:39:05.742+05:30  WARN 7683 --- [EMYMNG] [main] org.hibernate.orm.deprecation            : HHH90000025: PostgreSQLDialect does not need to be specified explicitly using 'hibernate.dialect' (remove the property setting and it will be selected by default)
2025-10-27T11:39:05.763+05:30  INFO 7683 --- [EMYMNG] [main] org.hibernate.orm.connections.pooling    : HHH10001005: Database info:
	Database JDBC URL [Connecting through datasource 'HikariDataSource (HikariPool-1)']
	Database driver: undefined/unknown
	Database version: 18.0
	Autocommit mode: undefined/unknown
	Isolation level: undefined/unknown
	Minimum pool size: undefined/unknown
	Maximum pool size: undefined/unknown
2025-10-27T11:39:06.789+05:30  INFO 7683 --- [EMYMNG] [main] o.h.e.t.j.p.i.JtaPlatformInitiator       : HHH000489: No JTA platform available (set 'hibernate.transaction.jta.platform' to enable JTA platform integration)
2025-10-27T11:39:07.103+05:30  INFO 7683 --- [EMYMNG] [main] j.LocalContainerEntityManagerFactoryBean : Initialized JPA EntityManagerFactory for persistence unit 'default'
2025-10-27T11:39:07.519+05:30  WARN 7683 --- [EMYMNG] [main] JpaBaseConfiguration$JpaWebConfiguration : spring.jpa.open-in-view is enabled by default. Therefore, database queries may be performed during view rendering. Explicitly configure spring.jpa.open-in-view to disable this warning
2025-10-27T11:39:07.752+05:30  WARN 7683 --- [EMYMNG] [main] .s.s.UserDetailsServiceAutoConfiguration : 

Using generated security password: ce9a86b4-6486-4232-83ff-ccf949d90363

This generated password is for development use only. Your security configuration must be updated before running your application in production.

2025-10-27T11:39:07.759+05:30  INFO 7683 --- [EMYMNG] [main] r$InitializeUserDetailsManagerConfigurer : Global AuthenticationManager configured with UserDetailsService bean with name inMemoryUserDetailsManager
2025-10-27T11:39:08.172+05:30  INFO 7683 --- [EMYMNG] [main] o.s.b.w.embedded.tomcat.TomcatWebServer  : Tomcat started on port 8080 (http) with context path '/'
2025-10-27T11:39:08.184+05:30  INFO 7683 --- [EMYMNG] [main] project1.EmymngApplication               : Started EmymngApplication in 6.079 seconds (process running for 6.498)
2025-10-27T11:39:16.911+05:30  INFO 7683 --- [EMYMNG] [http-nio-8080-exec-1] o.a.c.c.C.[Tomcat].[localhost].[/]       : Initializing Spring DispatcherServlet 'dispatcherServlet'
2025-10-27T11:39:16.911+05:30  INFO 7683 --- [EMYMNG] [http-nio-8080-exec-1] o.s.web.servlet.DispatcherServlet        : Initializing Servlet 'dispatcherServlet'
2025-10-27T11:39:16.912+05:30  INFO 7683 --- [EMYMNG] [http-nio-8080-exec-1] o.s.web.servlet.DispatcherServlet        : Completed initialization in 1 ms
2025-10-27T11:39:16.986+05:30  INFO 7683 --- [EMYMNG] [http-nio-8080-exec-2] project1.controller.EmployeeController   : Fetching all employees
2025-10-27T11:39:16.994+05:30  INFO 7683 --- [EMYMNG] [http-nio-8080-exec-2] project1.service.EmployeeService         : Fetching all employees
2025-10-27T11:39:17.214+05:30  INFO 7683 --- [EMYMNG] [http-nio-8080-exec-3] project1.controller.EmployeeController   : Fetching all employees
2025-10-27T11:39:17.215+05:30  INFO 7683 --- [EMYMNG] [http-nio-8080-exec-3] project1.service.EmployeeService         : Fetching all employees
2025-10-27T11:39:40.753+05:30  INFO 7683 --- [EMYMNG] [http-nio-8080-exec-4] project1.controller.EmployeeController   : Creating new employee: j@gmail.com
2025-10-27T11:40:03.500+05:30  INFO 7683 --- [EMYMNG] [http-nio-8080-exec-5] project1.controller.EmployeeController   : Fetching all employees
2025-10-27T11:40:03.502+05:30  INFO 7683 --- [EMYMNG] [http-nio-8080-exec-5] project1.service.EmployeeService         : Fetching all employees
2025-10-27T11:40:03.529+05:30  INFO 7683 --- [EMYMNG] [http-nio-8080-exec-6] project1.controller.EmployeeController   : Fetching all employees
2025-10-27T11:40:03.529+05:30  INFO 7683 --- [EMYMNG] [http-nio-8080-exec-6] project1.service.EmployeeService         : Fetching all employees
2025-10-27T12:01:00.680+05:30  INFO 7683 --- [EMYMNG] [SpringApplicationShutdownHook] o.s.b.w.e.tomcat.GracefulShutdown        : Commencing graceful shutdown. Waiting for active requests to complete
2025-10-27T12:01:00.682+05:30  INFO 7683 --- [EMYMNG] [tomcat-shutdown] o.s.b.w.e.tomcat.GracefulShutdown        : Graceful shutdown complete
2025-10-27T12:01:00.686+05:30  INFO 7683 --- [EMYMNG] [SpringApplicationShutdownHook] j.LocalContainerEntityManagerFactoryBean : Closing JPA EntityManagerFactory for persistence unit 'default'
2025-10-27T12:01:00.688+05:30  INFO 7683 --- [EMYMNG] [SpringApplicationShutdownHook] com.zaxxer.hikari.HikariDataSource       : HikariPool-1 - Shutdown initiated...
2025-10-27T12:01:00.699+05:30  INFO 7683 --- [EMYMNG] [SpringApplicationShutdownHook] com.zaxxer.hikari.HikariDataSource       : HikariPool-1 - Shutdown completed.
2025-10-27T12:01:42.127+05:30  INFO 13960 --- [EMYMNG] [main] project1.EmymngApplication               : Starting EmymngApplication using Java 25.0.1 with PID 13960 (/home/abijitht/EMPMNG/Backend/target/classes started by abijitht in /home/abijitht/EMPMNG)
2025-10-27T12:01:42.129+05:30  INFO 13960 --- [EMYMNG] [main] project1.EmymngApplication               : No active profile set, falling back to 1 default profile: "default"
2025-10-27T12:01:42.746+05:30  INFO 13960 --- [EMYMNG] [main] .s.d.r.c.RepositoryConfigurationDelegate : Multiple Spring Data modules found, entering strict repository configuration mode
2025-10-27T12:01:42.747+05:30  INFO 13960 --- [EMYMNG] [main] .s.d.r.c.RepositoryConfigurationDelegate : Bootstrapping Spring Data JDBC repositories in DEFAULT mode.
2025-10-27T12:01:42.782+05:30  INFO 13960 --- [EMYMNG] [main] .RepositoryConfigurationExtensionSupport : Spring Data JDBC - Could not safely identify store assignment for repository candidate interface project1.repository.EmployeeRepository; If you want this repository to be a JDBC repository, consider annotating your entities with one of these annotations: org.springframework.data.relational.core.mapping.Table.
2025-10-27T12:01:42.784+05:30  INFO 13960 --- [EMYMNG] [main] .s.d.r.c.RepositoryConfigurationDelegate : Finished Spring Data repository scanning in 31 ms. Found 0 JDBC repository interfaces.
2025-10-27T12:01:42.800+05:30  INFO 13960 --- [EMYMNG] [main] .s.d.r.c.RepositoryConfigurationDelegate : Multiple Spring Data modules found, entering strict repository configuration mode
2025-10-27T12:01:42.802+05:30  INFO 13960 --- [EMYMNG] [main] .s.d.r.c.RepositoryConfigurationDelegate : Bootstrapping Spring Data JPA repositories in DEFAULT mode.
2025-10-27T12:01:42.841+05:30  INFO 13960 --- [EMYMNG] [main] .s.d.r.c.RepositoryConfigurationDelegate : Finished Spring Data repository scanning in 29 ms. Found 1 JPA repository interface.
2025-10-27T12:01:43.354+05:30  INFO 13960 --- [EMYMNG] [main] o.s.b.w.embedded.tomcat.TomcatWebServer  : Tomcat initialized with port 8080 (http)
2025-10-27T12:01:43.369+05:30  INFO 13960 --- [EMYMNG] [main] o.apache.catalina.core.StandardService   : Starting service [Tomcat]
2025-10-27T12:01:43.369+05:30  INFO 13960 --- [EMYMNG] [main] o.apache.catalina.core.StandardEngine    : Starting Servlet engine: [Apache Tomcat/10.1.46]
2025-10-27T12:01:43.413+05:30  INFO 13960 --- [EMYMNG] [main] o.a.c.c.C.[Tomcat].[localhost].[/]       : Initializing Spring embedded WebApplicationContext
2025-10-27T12:01:43.413+05:30  INFO 13960 --- [EMYMNG] [main] w.s.c.ServletWebServerApplicationContext : Root WebApplicationContext: initialization completed in 1238 ms
2025-10-27T12:01:43.567+05:30  INFO 13960 --- [EMYMNG] [main] o.hibernate.jpa.internal.util.LogHelper  : HHH000204: Processing PersistenceUnitInfo [name: default]
2025-10-27T12:01:43.612+05:30  INFO 13960 --- [EMYMNG] [main] org.hibernate.Version                    : HHH000412: Hibernate ORM core version 6.6.29.Final
2025-10-27T12:01:43.641+05:30  INFO 13960 --- [EMYMNG] [main] o.h.c.internal.RegionFactoryInitiator    : HHH000026: Second-level cache disabled
2025-10-27T12:01:43.845+05:30  INFO 13960 --- [EMYMNG] [main] o.s.o.j.p.SpringPersistenceUnitInfo      : No LoadTimeWeaver setup: ignoring JPA class transformer
2025-10-27T12:01:43.869+05:30  INFO 13960 --- [EMYMNG] [main] com.zaxxer.hikari.HikariDataSource       : HikariPool-1 - Starting...
2025-10-27T12:01:44.235+05:30  INFO 13960 --- [EMYMNG] [main] com.zaxxer.hikari.pool.HikariPool        : HikariPool-1 - Added connection org.postgresql.jdbc.PgConnection@37cf91d8
2025-10-27T12:01:44.237+05:30  INFO 13960 --- [EMYMNG] [main] com.zaxxer.hikari.HikariDataSource       : HikariPool-1 - Start completed.
2025-10-27T12:01:44.260+05:30  WARN 13960 --- [EMYMNG] [main] org.hibernate.orm.deprecation            : HHH90000025: PostgreSQLDialect does not need to be specified explicitly using 'hibernate.dialect' (remove the property setting and it will be selected by default)
2025-10-27T12:01:44.279+05:30  INFO 13960 --- [EMYMNG] [main] org.hibernate.orm.connections.pooling    : HHH10001005: Database info:
	Database JDBC URL [Connecting through datasource 'HikariDataSource (HikariPool-1)']
	Database driver: undefined/unknown
	Database version: 18.0
	Autocommit mode: undefined/unknown
	Isolation level: undefined/unknown
	Minimum pool size: undefined/unknown
	Maximum pool size: undefined/unknown
2025-10-27T12:01:45.061+05:30  INFO 13960 --- [EMYMNG] [main] o.h.e.t.j.p.i.JtaPlatformInitiator       : HHH000489: No JTA platform available (set 'hibernate.transaction.jta.platform' to enable JTA platform integration)
2025-10-27T12:01:45.300+05:30  INFO 13960 --- [EMYMNG] [main] j.LocalContainerEntityManagerFactoryBean : Initialized JPA EntityManagerFactory for persistence unit 'default'
2025-10-27T12:01:45.601+05:30  WARN 13960 --- [EMYMNG] [main] JpaBaseConfiguration$JpaWebConfiguration : spring.jpa.open-in-view is enabled by default. Therefore, database queries may be performed during view rendering. Explicitly configure spring.jpa.open-in-view to disable this warning
2025-10-27T12:01:45.771+05:30  WARN 13960 --- [EMYMNG] [main] .s.s.UserDetailsServiceAutoConfiguration : 

Using generated security password: b2656b5e-624d-4b71-828c-cf4fd999b5c2

This generated password is for development use only. Your security configuration must be updated before running your application in production.

2025-10-27T12:01:45.778+05:30  INFO 13960 --- [EMYMNG] [main] r$InitializeUserDetailsManagerConfigurer : Global AuthenticationManager configured with UserDetailsService bean with name inMemoryUserDetailsManager
2025-10-27T12:01:46.091+05:30  INFO 13960 --- [EMYMNG] [main] o.s.b.w.embedded.tomcat.TomcatWebServer  : Tomcat started on port 8080 (http) with context path '/'
2025-10-27T12:01:46.102+05:30  INFO 13960 --- [EMYMNG] [main] project1.EmymngApplication               : Started EmymngApplication in 4.38 seconds (process running for 4.622)
2025-10-27T12:01:48.598+05:30  INFO 13960 --- [EMYMNG] [http-nio-8080-exec-1] o.a.c.c.C.[Tomcat].[localhost].[/]       : Initializing Spring DispatcherServlet 'dispatcherServlet'
2025-10-27T12:01:48.598+05:30  INFO 13960 --- [EMYMNG] [http-nio-8080-exec-1] o.s.web.servlet.DispatcherServlet        : Initializing Servlet 'dispatcherServlet'
2025-10-27T12:01:48.599+05:30  INFO 13960 --- [EMYMNG] [http-nio-8080-exec-1] o.s.web.servlet.DispatcherServlet        : Completed initialization in 1 ms
2025-10-27T12:01:48.651+05:30  INFO 13960 --- [EMYMNG] [http-nio-8080-exec-2] project1.controller.EmployeeController   : Fetching all employees
2025-10-27T12:01:48.660+05:30  INFO 13960 --- [EMYMNG] [http-nio-8080-exec-2] project1.service.EmployeeService         : Fetching all employees
2025-10-27T12:01:48.812+05:30  INFO 13960 --- [EMYMNG] [http-nio-8080-exec-3] project1.controller.EmployeeController   : Fetching all employees
2025-10-27T12:01:48.812+05:30  INFO 13960 --- [EMYMNG] [http-nio-8080-exec-3] project1.service.EmployeeService         : Fetching all employees
2025-10-27T12:02:28.720+05:30  INFO 13960 --- [EMYMNG] [http-nio-8080-exec-5] project1.controller.EmployeeController   : Fetching all employees
2025-10-27T12:02:28.720+05:30  INFO 13960 --- [EMYMNG] [http-nio-8080-exec-4] project1.controller.EmployeeController   : Fetching all employees
2025-10-27T12:02:28.721+05:30  INFO 13960 --- [EMYMNG] [http-nio-8080-exec-5] project1.service.EmployeeService         : Fetching all employees
2025-10-27T12:02:28.721+05:30  INFO 13960 --- [EMYMNG] [http-nio-8080-exec-4] project1.service.EmployeeService         : Fetching all employees
2025-10-27T12:14:55.483+05:30  INFO 13960 --- [EMYMNG] [SpringApplicationShutdownHook] o.s.b.w.e.tomcat.GracefulShutdown        : Commencing graceful shutdown. Waiting for active requests to complete
2025-10-27T12:14:55.487+05:30  INFO 13960 --- [EMYMNG] [tomcat-shutdown] o.s.b.w.e.tomcat.GracefulShutdown        : Graceful shutdown complete
2025-10-27T12:14:55.492+05:30  INFO 13960 --- [EMYMNG] [SpringApplicationShutdownHook] j.LocalContainerEntityManagerFactoryBean : Closing JPA EntityManagerFactory for persistence unit 'default'
2025-10-27T12:14:55.494+05:30  INFO 13960 --- [EMYMNG] [SpringApplicationShutdownHook] com.zaxxer.hikari.HikariDataSource       : HikariPool-1 - Shutdown initiated...
2025-10-27T12:14:55.519+05:30  INFO 13960 --- [EMYMNG] [SpringApplicationShutdownHook] com.zaxxer.hikari.HikariDataSource       : HikariPool-1 - Shutdown completed.
2025-10-27T13:05:58.765+05:30  INFO 14534 --- [EMYMNG] [main] project1.EmymngApplication               : Starting EmymngApplication using Java 25.0.1 with PID 14534 (/home/abijitht/EMPMNG/Backend/target/classes started by abijitht in /home/abijitht/EMPMNG)
2025-10-27T13:05:58.768+05:30  INFO 14534 --- [EMYMNG] [main] project1.EmymngApplication               : No active profile set, falling back to 1 default profile: "default"
2025-10-27T13:05:59.520+05:30  INFO 14534 --- [EMYMNG] [main] .s.d.r.c.RepositoryConfigurationDelegate : Multiple Spring Data modules found, entering strict repository configuration mode
2025-10-27T13:05:59.522+05:30  INFO 14534 --- [EMYMNG] [main] .s.d.r.c.RepositoryConfigurationDelegate : Bootstrapping Spring Data JDBC repositories in DEFAULT mode.
2025-10-27T13:05:59.567+05:30  INFO 14534 --- [EMYMNG] [main] .RepositoryConfigurationExtensionSupport : Spring Data JDBC - Could not safely identify store assignment for repository candidate interface project1.repository.DepartmentRepository; If you want this repository to be a JDBC repository, consider annotating your entities with one of these annotations: org.springframework.data.relational.core.mapping.Table.
2025-10-27T13:05:59.569+05:30  INFO 14534 --- [EMYMNG] [main] .RepositoryConfigurationExtensionSupport : Spring Data JDBC - Could not safely identify store assignment for repository candidate interface project1.repository.EmployeeRepository; If you want this repository to be a JDBC repository, consider annotating your entities with one of these annotations: org.springframework.data.relational.core.mapping.Table.
2025-10-27T13:05:59.571+05:30  INFO 14534 --- [EMYMNG] [main] .s.d.r.c.RepositoryConfigurationDelegate : Finished Spring Data repository scanning in 42 ms. Found 0 JDBC repository interfaces.
2025-10-27T13:05:59.603+05:30  INFO 14534 --- [EMYMNG] [main] .s.d.r.c.RepositoryConfigurationDelegate : Multiple Spring Data modules found, entering strict repository configuration mode
2025-10-27T13:05:59.605+05:30  INFO 14534 --- [EMYMNG] [main] .s.d.r.c.RepositoryConfigurationDelegate : Bootstrapping Spring Data JPA repositories in DEFAULT mode.
2025-10-27T13:05:59.645+05:30  INFO 14534 --- [EMYMNG] [main] .s.d.r.c.RepositoryConfigurationDelegate : Finished Spring Data repository scanning in 32 ms. Found 2 JPA repository interfaces.
2025-10-27T13:06:00.261+05:30  INFO 14534 --- [EMYMNG] [main] o.s.b.w.embedded.tomcat.TomcatWebServer  : Tomcat initialized with port 8080 (http)
2025-10-27T13:06:00.274+05:30  INFO 14534 --- [EMYMNG] [main] o.apache.catalina.core.StandardService   : Starting service [Tomcat]
2025-10-27T13:06:00.274+05:30  INFO 14534 --- [EMYMNG] [main] o.apache.catalina.core.StandardEngine    : Starting Servlet engine: [Apache Tomcat/10.1.46]
2025-10-27T13:06:00.319+05:30  INFO 14534 --- [EMYMNG] [main] o.a.c.c.C.[Tomcat].[localhost].[/]       : Initializing Spring embedded WebApplicationContext
2025-10-27T13:06:00.320+05:30  INFO 14534 --- [EMYMNG] [main] w.s.c.ServletWebServerApplicationContext : Root WebApplicationContext: initialization completed in 1502 ms
2025-10-27T13:06:00.474+05:30  INFO 14534 --- [EMYMNG] [main] o.hibernate.jpa.internal.util.LogHelper  : HHH000204: Processing PersistenceUnitInfo [name: default]
2025-10-27T13:06:00.533+05:30  INFO 14534 --- [EMYMNG] [main] org.hibernate.Version                    : HHH000412: Hibernate ORM core version 6.6.29.Final
2025-10-27T13:06:00.580+05:30  INFO 14534 --- [EMYMNG] [main] o.h.c.internal.RegionFactoryInitiator    : HHH000026: Second-level cache disabled
2025-10-27T13:06:00.838+05:30  INFO 14534 --- [EMYMNG] [main] o.s.o.j.p.SpringPersistenceUnitInfo      : No LoadTimeWeaver setup: ignoring JPA class transformer
2025-10-27T13:06:00.867+05:30  INFO 14534 --- [EMYMNG] [main] com.zaxxer.hikari.HikariDataSource       : HikariPool-1 - Starting...
2025-10-27T13:06:01.179+05:30  INFO 14534 --- [EMYMNG] [main] com.zaxxer.hikari.pool.HikariPool        : HikariPool-1 - Added connection org.postgresql.jdbc.PgConnection@54e0f76f
2025-10-27T13:06:01.181+05:30  INFO 14534 --- [EMYMNG] [main] com.zaxxer.hikari.HikariDataSource       : HikariPool-1 - Start completed.
2025-10-27T13:06:01.209+05:30  WARN 14534 --- [EMYMNG] [main] org.hibernate.orm.deprecation            : HHH90000025: PostgreSQLDialect does not need to be specified explicitly using 'hibernate.dialect' (remove the property setting and it will be selected by default)
2025-10-27T13:06:01.227+05:30  INFO 14534 --- [EMYMNG] [main] org.hibernate.orm.connections.pooling    : HHH10001005: Database info:
	Database JDBC URL [Connecting through datasource 'HikariDataSource (HikariPool-1)']
	Database driver: undefined/unknown
	Database version: 18.0
	Autocommit mode: undefined/unknown
	Isolation level: undefined/unknown
	Minimum pool size: undefined/unknown
	Maximum pool size: undefined/unknown
2025-10-27T13:06:01.962+05:30  INFO 14534 --- [EMYMNG] [main] o.h.e.t.j.p.i.JtaPlatformInitiator       : HHH000489: No JTA platform available (set 'hibernate.transaction.jta.platform' to enable JTA platform integration)
2025-10-27T13:06:02.214+05:30  INFO 14534 --- [EMYMNG] [main] j.LocalContainerEntityManagerFactoryBean : Initialized JPA EntityManagerFactory for persistence unit 'default'
2025-10-27T13:06:02.538+05:30  WARN 14534 --- [EMYMNG] [main] JpaBaseConfiguration$JpaWebConfiguration : spring.jpa.open-in-view is enabled by default. Therefore, database queries may be performed during view rendering. Explicitly configure spring.jpa.open-in-view to disable this warning
2025-10-27T13:06:02.714+05:30  WARN 14534 --- [EMYMNG] [main] .s.s.UserDetailsServiceAutoConfiguration : 

Using generated security password: 4aae49e9-5bf9-4a0a-a833-eddc6e641216

This generated password is for development use only. Your security configuration must be updated before running your application in production.

2025-10-27T13:06:02.719+05:30  INFO 14534 --- [EMYMNG] [main] r$InitializeUserDetailsManagerConfigurer : Global AuthenticationManager configured with UserDetailsService bean with name inMemoryUserDetailsManager
2025-10-27T13:06:03.042+05:30  INFO 14534 --- [EMYMNG] [main] o.s.b.w.embedded.tomcat.TomcatWebServer  : Tomcat started on port 8080 (http) with context path '/'
2025-10-27T13:06:03.053+05:30  INFO 14534 --- [EMYMNG] [main] project1.EmymngApplication               : Started EmymngApplication in 4.683 seconds (process running for 4.956)
2025-10-27T13:06:14.835+05:30  INFO 14534 --- [EMYMNG] [http-nio-8080-exec-1] o.a.c.c.C.[Tomcat].[localhost].[/]       : Initializing Spring DispatcherServlet 'dispatcherServlet'
2025-10-27T13:06:14.835+05:30  INFO 14534 --- [EMYMNG] [http-nio-8080-exec-1] o.s.web.servlet.DispatcherServlet        : Initializing Servlet 'dispatcherServlet'
2025-10-27T13:06:14.836+05:30  INFO 14534 --- [EMYMNG] [http-nio-8080-exec-1] o.s.web.servlet.DispatcherServlet        : Completed initialization in 1 ms
2025-10-27T13:06:14.887+05:30  INFO 14534 --- [EMYMNG] [http-nio-8080-exec-3] project1.controller.EmployeeController   : Fetching all employees
2025-10-27T13:06:14.896+05:30  INFO 14534 --- [EMYMNG] [http-nio-8080-exec-3] project1.service.EmployeeService         : Fetching all employees
2025-10-27T13:06:15.041+05:30  INFO 14534 --- [EMYMNG] [http-nio-8080-exec-6] project1.controller.EmployeeController   : Fetching all employees
2025-10-27T13:06:15.041+05:30  INFO 14534 --- [EMYMNG] [http-nio-8080-exec-5] project1.controller.EmployeeController   : Fetching all employees
2025-10-27T13:06:15.041+05:30  INFO 14534 --- [EMYMNG] [http-nio-8080-exec-7] project1.controller.EmployeeController   : Fetching all employees
2025-10-27T13:06:15.041+05:30  INFO 14534 --- [EMYMNG] [http-nio-8080-exec-5] project1.service.EmployeeService         : Fetching all employees
2025-10-27T13:06:15.042+05:30  INFO 14534 --- [EMYMNG] [http-nio-8080-exec-6] project1.service.EmployeeService         : Fetching all employees
2025-10-27T13:06:15.042+05:30  INFO 14534 --- [EMYMNG] [http-nio-8080-exec-7] project1.service.EmployeeService         : Fetching all employees
2025-10-27T13:06:16.022+05:30  INFO 14534 --- [EMYMNG] [http-nio-8080-exec-8] project1.controller.EmployeeController   : Fetching all employees
2025-10-27T13:06:16.022+05:30  INFO 14534 --- [EMYMNG] [http-nio-8080-exec-9] project1.controller.EmployeeController   : Fetching all employees
2025-10-27T13:06:16.023+05:30  INFO 14534 --- [EMYMNG] [http-nio-8080-exec-9] project1.service.EmployeeService         : Fetching all employees
2025-10-27T13:06:16.023+05:30  INFO 14534 --- [EMYMNG] [http-nio-8080-exec-8] project1.service.EmployeeService         : Fetching all employees
2025-10-27T13:06:16.025+05:30  INFO 14534 --- [EMYMNG] [http-nio-8080-exec-1] project1.controller.EmployeeController   : Fetching all employees
2025-10-27T13:06:16.025+05:30  INFO 14534 --- [EMYMNG] [http-nio-8080-exec-2] project1.controller.EmployeeController   : Fetching all employees
2025-10-27T13:06:16.027+05:30  INFO 14534 --- [EMYMNG] [http-nio-8080-exec-2] project1.service.EmployeeService         : Fetching all employees
2025-10-27T13:06:16.028+05:30  INFO 14534 --- [EMYMNG] [http-nio-8080-exec-1] project1.service.EmployeeService         : Fetching all employees
2025-10-27T13:07:15.315+05:30  INFO 14534 --- [EMYMNG] [SpringApplicationShutdownHook] o.s.b.w.e.tomcat.GracefulShutdown        : Commencing graceful shutdown. Waiting for active requests to complete
2025-10-27T13:07:15.317+05:30  INFO 14534 --- [EMYMNG] [tomcat-shutdown] o.s.b.w.e.tomcat.GracefulShutdown        : Graceful shutdown complete
2025-10-27T13:07:15.321+05:30  INFO 14534 --- [EMYMNG] [SpringApplicationShutdownHook] j.LocalContainerEntityManagerFactoryBean : Closing JPA EntityManagerFactory for persistence unit 'default'
2025-10-27T13:07:15.323+05:30  INFO 14534 --- [EMYMNG] [SpringApplicationShutdownHook] com.zaxxer.hikari.HikariDataSource       : HikariPool-1 - Shutdown initiated...
2025-10-27T13:07:15.330+05:30  INFO 14534 --- [EMYMNG] [SpringApplicationShutdownHook] com.zaxxer.hikari.HikariDataSource       : HikariPool-1 - Shutdown completed.
2025-10-27T14:05:08.221+05:30  INFO 6326 --- [EMYMNG] [main] project1.EmymngApplication               : Starting EmymngApplication using Java 25.0.1 with PID 6326 (/home/abijitht/EMPMNG/Backend/target/classes started by abijitht in /home/abijitht/EMPMNG)
2025-10-27T14:05:08.223+05:30  INFO 6326 --- [EMYMNG] [main] project1.EmymngApplication               : No active profile set, falling back to 1 default profile: "default"
2025-10-27T14:05:08.998+05:30  INFO 6326 --- [EMYMNG] [main] .s.d.r.c.RepositoryConfigurationDelegate : Multiple Spring Data modules found, entering strict repository configuration mode
2025-10-27T14:05:08.999+05:30  INFO 6326 --- [EMYMNG] [main] .s.d.r.c.RepositoryConfigurationDelegate : Bootstrapping Spring Data JDBC repositories in DEFAULT mode.
2025-10-27T14:05:09.044+05:30  INFO 6326 --- [EMYMNG] [main] .RepositoryConfigurationExtensionSupport : Spring Data JDBC - Could not safely identify store assignment for repository candidate interface project1.repository.DepartmentRepository; If you want this repository to be a JDBC repository, consider annotating your entities with one of these annotations: org.springframework.data.relational.core.mapping.Table.
2025-10-27T14:05:09.046+05:30  INFO 6326 --- [EMYMNG] [main] .RepositoryConfigurationExtensionSupport : Spring Data JDBC - Could not safely identify store assignment for repository candidate interface project1.repository.EmployeeRepository; If you want this repository to be a JDBC repository, consider annotating your entities with one of these annotations: org.springframework.data.relational.core.mapping.Table.
2025-10-27T14:05:09.047+05:30  INFO 6326 --- [EMYMNG] [main] .s.d.r.c.RepositoryConfigurationDelegate : Finished Spring Data repository scanning in 42 ms. Found 0 JDBC repository interfaces.
2025-10-27T14:05:09.077+05:30  INFO 6326 --- [EMYMNG] [main] .s.d.r.c.RepositoryConfigurationDelegate : Multiple Spring Data modules found, entering strict repository configuration mode
2025-10-27T14:05:09.080+05:30  INFO 6326 --- [EMYMNG] [main] .s.d.r.c.RepositoryConfigurationDelegate : Bootstrapping Spring Data JPA repositories in DEFAULT mode.
2025-10-27T14:05:09.130+05:30  INFO 6326 --- [EMYMNG] [main] .s.d.r.c.RepositoryConfigurationDelegate : Finished Spring Data repository scanning in 43 ms. Found 2 JPA repository interfaces.
2025-10-27T14:05:09.663+05:30  INFO 6326 --- [EMYMNG] [main] o.s.b.w.embedded.tomcat.TomcatWebServer  : Tomcat initialized with port 8080 (http)
2025-10-27T14:05:09.675+05:30  INFO 6326 --- [EMYMNG] [main] o.apache.catalina.core.StandardService   : Starting service [Tomcat]
2025-10-27T14:05:09.675+05:30  INFO 6326 --- [EMYMNG] [main] o.apache.catalina.core.StandardEngine    : Starting Servlet engine: [Apache Tomcat/10.1.46]
2025-10-27T14:05:09.718+05:30  INFO 6326 --- [EMYMNG] [main] o.a.c.c.C.[Tomcat].[localhost].[/]       : Initializing Spring embedded WebApplicationContext
2025-10-27T14:05:09.718+05:30  INFO 6326 --- [EMYMNG] [main] w.s.c.ServletWebServerApplicationContext : Root WebApplicationContext: initialization completed in 1443 ms
2025-10-27T14:05:09.880+05:30  INFO 6326 --- [EMYMNG] [main] o.hibernate.jpa.internal.util.LogHelper  : HHH000204: Processing PersistenceUnitInfo [name: default]
2025-10-27T14:05:09.935+05:30  INFO 6326 --- [EMYMNG] [main] org.hibernate.Version                    : HHH000412: Hibernate ORM core version 6.6.29.Final
2025-10-27T14:05:09.970+05:30  INFO 6326 --- [EMYMNG] [main] o.h.c.internal.RegionFactoryInitiator    : HHH000026: Second-level cache disabled
2025-10-27T14:05:10.251+05:30  INFO 6326 --- [EMYMNG] [main] o.s.o.j.p.SpringPersistenceUnitInfo      : No LoadTimeWeaver setup: ignoring JPA class transformer
2025-10-27T14:05:10.284+05:30  INFO 6326 --- [EMYMNG] [main] com.zaxxer.hikari.HikariDataSource       : HikariPool-1 - Starting...
2025-10-27T14:05:10.625+05:30  INFO 6326 --- [EMYMNG] [main] com.zaxxer.hikari.pool.HikariPool        : HikariPool-1 - Added connection org.postgresql.jdbc.PgConnection@629cbb1
2025-10-27T14:05:10.627+05:30  INFO 6326 --- [EMYMNG] [main] com.zaxxer.hikari.HikariDataSource       : HikariPool-1 - Start completed.
2025-10-27T14:05:10.663+05:30  WARN 6326 --- [EMYMNG] [main] org.hibernate.orm.deprecation            : HHH90000025: PostgreSQLDialect does not need to be specified explicitly using 'hibernate.dialect' (remove the property setting and it will be selected by default)
2025-10-27T14:05:10.695+05:30  INFO 6326 --- [EMYMNG] [main] org.hibernate.orm.connections.pooling    : HHH10001005: Database info:
	Database JDBC URL [Connecting through datasource 'HikariDataSource (HikariPool-1)']
	Database driver: undefined/unknown
	Database version: 18.0
	Autocommit mode: undefined/unknown
	Isolation level: undefined/unknown
	Minimum pool size: undefined/unknown
	Maximum pool size: undefined/unknown
2025-10-27T14:05:11.466+05:30  INFO 6326 --- [EMYMNG] [main] o.h.e.t.j.p.i.JtaPlatformInitiator       : HHH000489: No JTA platform available (set 'hibernate.transaction.jta.platform' to enable JTA platform integration)
2025-10-27T14:05:11.730+05:30  INFO 6326 --- [EMYMNG] [main] j.LocalContainerEntityManagerFactoryBean : Initialized JPA EntityManagerFactory for persistence unit 'default'
2025-10-27T14:05:12.048+05:30  WARN 6326 --- [EMYMNG] [main] JpaBaseConfiguration$JpaWebConfiguration : spring.jpa.open-in-view is enabled by default. Therefore, database queries may be performed during view rendering. Explicitly configure spring.jpa.open-in-view to disable this warning
2025-10-27T14:05:12.255+05:30  WARN 6326 --- [EMYMNG] [main] .s.s.UserDetailsServiceAutoConfiguration : 

Using generated security password: 1235cde2-8b7c-401b-b534-bfbb04386ecd

This generated password is for development use only. Your security configuration must be updated before running your application in production.

2025-10-27T14:05:12.262+05:30  INFO 6326 --- [EMYMNG] [main] r$InitializeUserDetailsManagerConfigurer : Global AuthenticationManager configured with UserDetailsService bean with name inMemoryUserDetailsManager
2025-10-27T14:05:12.589+05:30  INFO 6326 --- [EMYMNG] [main] o.s.b.w.embedded.tomcat.TomcatWebServer  : Tomcat started on port 8080 (http) with context path '/'
2025-10-27T14:05:12.598+05:30  INFO 6326 --- [EMYMNG] [main] project1.EmymngApplication               : Started EmymngApplication in 4.781 seconds (process running for 5.05)
2025-10-27T14:05:32.720+05:30  INFO 6326 --- [EMYMNG] [http-nio-8080-exec-1] o.a.c.c.C.[Tomcat].[localhost].[/]       : Initializing Spring DispatcherServlet 'dispatcherServlet'
2025-10-27T14:05:32.720+05:30  INFO 6326 --- [EMYMNG] [http-nio-8080-exec-1] o.s.web.servlet.DispatcherServlet        : Initializing Servlet 'dispatcherServlet'
2025-10-27T14:05:32.721+05:30  INFO 6326 --- [EMYMNG] [http-nio-8080-exec-1] o.s.web.servlet.DispatcherServlet        : Completed initialization in 1 ms
2025-10-27T14:05:32.771+05:30  INFO 6326 --- [EMYMNG] [http-nio-8080-exec-3] project1.controller.EmployeeController   : Fetching all employees
2025-10-27T14:05:32.776+05:30  INFO 6326 --- [EMYMNG] [http-nio-8080-exec-3] project1.service.EmployeeService         : Fetching all employees
2025-10-27T14:05:32.961+05:30  INFO 6326 --- [EMYMNG] [http-nio-8080-exec-6] project1.controller.EmployeeController   : Fetching all employees
2025-10-27T14:05:32.961+05:30  INFO 6326 --- [EMYMNG] [http-nio-8080-exec-7] project1.controller.EmployeeController   : Fetching all employees
2025-10-27T14:05:32.961+05:30  INFO 6326 --- [EMYMNG] [http-nio-8080-exec-5] project1.controller.EmployeeController   : Fetching all employees
2025-10-27T14:05:32.961+05:30  INFO 6326 --- [EMYMNG] [http-nio-8080-exec-5] project1.service.EmployeeService         : Fetching all employees
2025-10-27T14:05:32.962+05:30  INFO 6326 --- [EMYMNG] [http-nio-8080-exec-7] project1.service.EmployeeService         : Fetching all employees
2025-10-27T14:05:32.962+05:30  INFO 6326 --- [EMYMNG] [http-nio-8080-exec-6] project1.service.EmployeeService         : Fetching all employees
2025-10-27T14:21:46.403+05:30  INFO 6326 --- [EMYMNG] [http-nio-8080-exec-1] project1.controller.EmployeeController   : Fetching all employees
2025-10-27T14:21:46.404+05:30  INFO 6326 --- [EMYMNG] [http-nio-8080-exec-1] project1.service.EmployeeService         : Fetching all employees
2025-10-27T14:21:46.414+05:30  INFO 6326 --- [EMYMNG] [http-nio-8080-exec-6] project1.controller.EmployeeController   : Fetching all employees
2025-10-27T14:21:46.414+05:30  INFO 6326 --- [EMYMNG] [http-nio-8080-exec-7] project1.controller.EmployeeController   : Fetching all employees
2025-10-27T14:21:46.414+05:30  INFO 6326 --- [EMYMNG] [http-nio-8080-exec-3] project1.controller.EmployeeController   : Fetching all employees
2025-10-27T14:21:46.415+05:30  INFO 6326 --- [EMYMNG] [http-nio-8080-exec-3] project1.service.EmployeeService         : Fetching all employees
2025-10-27T14:21:46.415+05:30  INFO 6326 --- [EMYMNG] [http-nio-8080-exec-7] project1.service.EmployeeService         : Fetching all employees
2025-10-27T14:21:46.415+05:30  INFO 6326 --- [EMYMNG] [http-nio-8080-exec-6] project1.service.EmployeeService         : Fetching all employees
2025-10-27T14:21:49.963+05:30  INFO 6326 --- [EMYMNG] [http-nio-8080-exec-8] project1.controller.EmployeeController   : Fetching all employees
2025-10-27T14:21:49.963+05:30  INFO 6326 --- [EMYMNG] [http-nio-8080-exec-5] project1.controller.EmployeeController   : Fetching all employees
2025-10-27T14:21:49.965+05:30  INFO 6326 --- [EMYMNG] [http-nio-8080-exec-8] project1.service.EmployeeService         : Fetching all employees
2025-10-27T14:21:49.966+05:30  INFO 6326 --- [EMYMNG] [http-nio-8080-exec-10] project1.controller.EmployeeController   : Fetching all employees
2025-10-27T14:21:49.966+05:30  INFO 6326 --- [EMYMNG] [http-nio-8080-exec-5] project1.service.EmployeeService         : Fetching all employees
2025-10-27T14:21:49.967+05:30  INFO 6326 --- [EMYMNG] [http-nio-8080-exec-2] project1.controller.EmployeeController   : Fetching all employees
2025-10-27T14:21:49.967+05:30  INFO 6326 --- [EMYMNG] [http-nio-8080-exec-10] project1.service.EmployeeService         : Fetching all employees
2025-10-27T14:21:49.968+05:30  INFO 6326 --- [EMYMNG] [http-nio-8080-exec-2] project1.service.EmployeeService         : Fetching all employees
2025-10-27T14:21:51.111+05:30  INFO 6326 --- [EMYMNG] [http-nio-8080-exec-6] project1.controller.EmployeeController   : Fetching all employees
2025-10-27T14:21:51.111+05:30  INFO 6326 --- [EMYMNG] [http-nio-8080-exec-1] project1.controller.EmployeeController   : Fetching all employees
2025-10-27T14:21:51.112+05:30  INFO 6326 --- [EMYMNG] [http-nio-8080-exec-6] project1.service.EmployeeService         : Fetching all employees
2025-10-27T14:21:51.112+05:30  INFO 6326 --- [EMYMNG] [http-nio-8080-exec-7] project1.controller.EmployeeController   : Fetching all employees
2025-10-27T14:21:51.112+05:30  INFO 6326 --- [EMYMNG] [http-nio-8080-exec-1] project1.service.EmployeeService         : Fetching all employees
2025-10-27T14:21:51.113+05:30  INFO 6326 --- [EMYMNG] [http-nio-8080-exec-7] project1.service.EmployeeService         : Fetching all employees
2025-10-27T14:21:51.113+05:30  INFO 6326 --- [EMYMNG] [http-nio-8080-exec-9] project1.controller.EmployeeController   : Fetching all employees
2025-10-27T14:21:51.114+05:30  INFO 6326 --- [EMYMNG] [http-nio-8080-exec-9] project1.service.EmployeeService         : Fetching all employees
2025-10-27T14:23:26.529+05:30  INFO 6326 --- [EMYMNG] [http-nio-8080-exec-6] project1.controller.EmployeeController   : Fetching all employees
2025-10-27T14:23:26.529+05:30  INFO 6326 --- [EMYMNG] [http-nio-8080-exec-7] project1.controller.EmployeeController   : Fetching all employees
2025-10-27T14:23:26.530+05:30  INFO 6326 --- [EMYMNG] [http-nio-8080-exec-6] project1.service.EmployeeService         : Fetching all employees
2025-10-27T14:23:26.531+05:30  INFO 6326 --- [EMYMNG] [http-nio-8080-exec-7] project1.service.EmployeeService         : Fetching all employees
2025-10-27T14:23:26.532+05:30  INFO 6326 --- [EMYMNG] [http-nio-8080-exec-9] project1.controller.EmployeeController   : Fetching all employees
2025-10-27T14:23:26.533+05:30  INFO 6326 --- [EMYMNG] [http-nio-8080-exec-9] project1.service.EmployeeService         : Fetching all employees
2025-10-27T14:23:26.535+05:30  INFO 6326 --- [EMYMNG] [http-nio-8080-exec-8] project1.controller.EmployeeController   : Fetching all employees
2025-10-27T14:23:26.536+05:30  INFO 6326 --- [EMYMNG] [http-nio-8080-exec-8] project1.service.EmployeeService         : Fetching all employees
2025-10-27T14:23:29.599+05:30  INFO 6326 --- [EMYMNG] [http-nio-8080-exec-3] project1.controller.EmployeeController   : Fetching all employees
2025-10-27T14:23:29.599+05:30  INFO 6326 --- [EMYMNG] [http-nio-8080-exec-2] project1.controller.EmployeeController   : Fetching all employees
2025-10-27T14:23:29.600+05:30  INFO 6326 --- [EMYMNG] [http-nio-8080-exec-3] project1.service.EmployeeService         : Fetching all employees
2025-10-27T14:23:29.600+05:30  INFO 6326 --- [EMYMNG] [http-nio-8080-exec-2] project1.service.EmployeeService         : Fetching all employees
2025-10-27T14:23:29.601+05:30  INFO 6326 --- [EMYMNG] [http-nio-8080-exec-4] project1.controller.EmployeeController   : Fetching all employees
2025-10-27T14:23:29.601+05:30  INFO 6326 --- [EMYMNG] [http-nio-8080-exec-1] project1.controller.EmployeeController   : Fetching all employees
2025-10-27T14:23:29.602+05:30  INFO 6326 --- [EMYMNG] [http-nio-8080-exec-4] project1.service.EmployeeService         : Fetching all employees
2025-10-27T14:23:29.602+05:30  INFO 6326 --- [EMYMNG] [http-nio-8080-exec-1] project1.service.EmployeeService         : Fetching all employees
2025-10-27T14:24:12.247+05:30  INFO 6326 --- [EMYMNG] [http-nio-8080-exec-9] project1.controller.EmployeeController   : Fetching all employees
2025-10-27T14:24:12.248+05:30  INFO 6326 --- [EMYMNG] [http-nio-8080-exec-6] project1.controller.EmployeeController   : Fetching all employees
2025-10-27T14:24:12.248+05:30  INFO 6326 --- [EMYMNG] [http-nio-8080-exec-9] project1.service.EmployeeService         : Fetching all employees
2025-10-27T14:24:12.248+05:30  INFO 6326 --- [EMYMNG] [http-nio-8080-exec-6] project1.service.EmployeeService         : Fetching all employees
2025-10-27T14:24:12.250+05:30  INFO 6326 --- [EMYMNG] [http-nio-8080-exec-5] project1.controller.EmployeeController   : Fetching all employees
2025-10-27T14:24:12.251+05:30  INFO 6326 --- [EMYMNG] [http-nio-8080-exec-5] project1.service.EmployeeService         : Fetching all employees
2025-10-27T14:24:12.251+05:30  INFO 6326 --- [EMYMNG] [http-nio-8080-exec-10] project1.controller.EmployeeController   : Fetching all employees
2025-10-27T14:24:12.252+05:30  INFO 6326 --- [EMYMNG] [http-nio-8080-exec-10] project1.service.EmployeeService         : Fetching all employees
2025-10-27T14:24:45.390+05:30  INFO 6326 --- [EMYMNG] [http-nio-8080-exec-4] project1.controller.EmployeeController   : Fetching all employees
2025-10-27T14:24:45.390+05:30  INFO 6326 --- [EMYMNG] [http-nio-8080-exec-1] project1.controller.EmployeeController   : Fetching all employees
2025-10-27T14:24:45.391+05:30  INFO 6326 --- [EMYMNG] [http-nio-8080-exec-1] project1.service.EmployeeService         : Fetching all employees
2025-10-27T14:24:45.391+05:30  INFO 6326 --- [EMYMNG] [http-nio-8080-exec-4] project1.service.EmployeeService         : Fetching all employees
2025-10-27T14:24:45.393+05:30  INFO 6326 --- [EMYMNG] [http-nio-8080-exec-7] project1.controller.EmployeeController   : Fetching all employees
2025-10-27T14:24:45.393+05:30  INFO 6326 --- [EMYMNG] [http-nio-8080-exec-3] project1.controller.EmployeeController   : Fetching all employees
2025-10-27T14:24:45.394+05:30  INFO 6326 --- [EMYMNG] [http-nio-8080-exec-3] project1.service.EmployeeService         : Fetching all employees
2025-10-27T14:24:45.394+05:30  INFO 6326 --- [EMYMNG] [http-nio-8080-exec-7] project1.service.EmployeeService         : Fetching all employees
2025-10-27T14:28:01.144+05:30  INFO 6326 --- [EMYMNG] [SpringApplicationShutdownHook] o.s.b.w.e.tomcat.GracefulShutdown        : Commencing graceful shutdown. Waiting for active requests to complete
2025-10-27T14:28:01.146+05:30  INFO 6326 --- [EMYMNG] [tomcat-shutdown] o.s.b.w.e.tomcat.GracefulShutdown        : Graceful shutdown complete
2025-10-27T14:28:01.150+05:30  INFO 6326 --- [EMYMNG] [SpringApplicationShutdownHook] j.LocalContainerEntityManagerFactoryBean : Closing JPA EntityManagerFactory for persistence unit 'default'
2025-10-27T14:28:01.152+05:30  INFO 6326 --- [EMYMNG] [SpringApplicationShutdownHook] com.zaxxer.hikari.HikariDataSource       : HikariPool-1 - Shutdown initiated...
2025-10-27T14:28:01.162+05:30  INFO 6326 --- [EMYMNG] [SpringApplicationShutdownHook] com.zaxxer.hikari.HikariDataSource       : HikariPool-1 - Shutdown completed.
